# JRE version: OpenJDK Runtime Environment (17.0.10) (build 17.0.10+0--11572160)
# Java VM: OpenJDK 64-Bit Server VM (17.0.10+0--11572160, mixed mode, tiered, compressed oops, compressed class ptrs, g1 gc, windows-amd64)
GC Precious Log:
 CPUs: 16 total, 16 available
 Memory: 16004M
 Large Page Support: Disabled
 NUMA Support: Disabled
 Compressed Oops: Enabled (32-bit)
 Heap Region Size: 1M
 Heap Min Capacity: 8M
 Heap Initial Capacity: 252M
 Heap Max Capacity: 2G
 Pre-touch: Disabled
 Parallel Workers: 13
 Concurrent Workers: 3
 Concurrent Refinement Workers: 13
 Periodic GC: Disabled
Heap:
 garbage-first heap   total 116736K, used 66645K [0x0000000080000000, 0x0000000100000000)
  region size 1024K, 1 young (1024K), 1 survivors (1024K)
 Metaspace       used 66423K, committed 67008K, reserved 1114112K
  class space    used 9064K, committed 9344K, reserved 1048576K
GC Heap History (20 events):
Event: 4.391 GC heap after
{Heap after GC invocations=13 (full 0):
 garbage-first heap   total 71680K, used 33094K [0x0000000080000000, 0x0000000100000000)
  region size 1024K, 3 young (3072K), 3 survivors (3072K)
 Metaspace       used 48145K, committed 48576K, reserved 1114112K
  class space    used 6577K, committed 6784K, reserved 1048576K
}
Event: 4.693 GC heap before
{Heap before GC invocations=13 (full 0):
 garbage-first heap   total 71680K, used 57670K [0x0000000080000000, 0x0000000100000000)
  region size 1024K, 27 young (27648K), 3 survivors (3072K)
 Metaspace       used 51412K, committed 51840K, reserved 1114112K
  class space    used 7091K, committed 7296K, reserved 1048576K
}
Event: 4.696 GC heap after
{Heap after GC invocations=14 (full 0):
 garbage-first heap   total 89088K, used 34539K [0x0000000080000000, 0x0000000100000000)
  region size 1024K, 3 young (3072K), 3 survivors (3072K)
 Metaspace       used 51412K, committed 51840K, reserved 1114112K
  class space    used 7091K, committed 7296K, reserved 1048576K
}
Event: 5.183 GC heap before
{Heap before GC invocations=14 (full 0):
 garbage-first heap   total 89088K, used 71403K [0x0000000080000000, 0x0000000100000000)
  region size 1024K, 38 young (38912K), 3 survivors (3072K)
 Metaspace       used 57399K, committed 57920K, reserved 1114112K
  class space    used 7819K, committed 8064K, reserved 1048576K
}
Event: 5.187 GC heap after
{Heap after GC invocations=15 (full 0):
 garbage-first heap   total 89088K, used 37153K [0x0000000080000000, 0x0000000100000000)
  region size 1024K, 5 young (5120K), 5 survivors (5120K)
 Metaspace       used 57399K, committed 57920K, reserved 1114112K
  class space    used 7819K, committed 8064K, reserved 1048576K
}
Event: 5.395 GC heap before
{Heap before GC invocations=15 (full 0):
 garbage-first heap   total 89088K, used 49441K [0x0000000080000000, 0x0000000100000000)
  region size 1024K, 18 young (18432K), 5 survivors (5120K)
 Metaspace       used 59703K, committed 60160K, reserved 1114112K
  class space    used 8123K, committed 8320K, reserved 1048576K
}
Event: 5.400 GC heap after
{Heap after GC invocations=16 (full 0):
 garbage-first heap   total 89088K, used 38569K [0x0000000080000000, 0x0000000100000000)
  region size 1024K, 4 young (4096K), 4 survivors (4096K)
 Metaspace       used 59703K, committed 60160K, reserved 1114112K
  class space    used 8123K, committed 8320K, reserved 1048576K
}
Event: 6.780 GC heap before
{Heap before GC invocations=17 (full 0):
 garbage-first heap   total 89088K, used 68265K [0x0000000080000000, 0x0000000100000000)
  region size 1024K, 34 young (34816K), 4 survivors (4096K)
 Metaspace       used 63614K, committed 64128K, reserved 1114112K
  class space    used 8694K, committed 8960K, reserved 1048576K
}
Event: 6.786 GC heap after
{Heap after GC invocations=18 (full 0):
 garbage-first heap   total 89088K, used 43165K [0x0000000080000000, 0x0000000100000000)
  region size 1024K, 5 young (5120K), 5 survivors (5120K)
 Metaspace       used 63614K, committed 64128K, reserved 1114112K
  class space    used 8694K, committed 8960K, reserved 1048576K
}
Event: 6.866 GC heap before
{Heap before GC invocations=18 (full 0):
 garbage-first heap   total 89088K, used 67741K [0x0000000080000000, 0x0000000100000000)
  region size 1024K, 30 young (30720K), 5 survivors (5120K)
 Metaspace       used 63804K, committed 64320K, reserved 1114112K
  class space    used 8697K, committed 8960K, reserved 1048576K
}
Event: 6.869 GC heap after
{Heap after GC invocations=19 (full 0):
 garbage-first heap   total 89088K, used 45921K [0x0000000080000000, 0x0000000100000000)
  region size 1024K, 4 young (4096K), 4 survivors (4096K)
 Metaspace       used 63804K, committed 64320K, reserved 1114112K
  class space    used 8697K, committed 8960K, reserved 1048576K
}
Event: 6.992 GC heap before
{Heap before GC invocations=19 (full 0):
 garbage-first heap   total 89088K, used 55137K [0x0000000080000000, 0x0000000100000000)
  region size 1024K, 15 young (15360K), 4 survivors (4096K)
 Metaspace       used 64062K, committed 64576K, reserved 1114112K
  class space    used 8733K, committed 8960K, reserved 1048576K
}
Event: 6.994 GC heap after
{Heap after GC invocations=20 (full 0):
 garbage-first heap   total 89088K, used 46300K [0x0000000080000000, 0x0000000100000000)
  region size 1024K, 2 young (2048K), 2 survivors (2048K)
 Metaspace       used 64062K, committed 64576K, reserved 1114112K
  class space    used 8733K, committed 8960K, reserved 1048576K
}
Event: 7.324 GC heap before
{Heap before GC invocations=21 (full 0):
 garbage-first heap   total 89088K, used 80092K [0x0000000080000000, 0x0000000100000000)
  region size 1024K, 23 young (23552K), 2 survivors (2048K)
 Metaspace       used 65135K, committed 65664K, reserved 1114112K
  class space    used 8906K, committed 9152K, reserved 1048576K
}
Event: 7.326 GC heap after
{Heap after GC invocations=22 (full 0):
 garbage-first heap   total 92160K, used 66418K [0x0000000080000000, 0x0000000100000000)
  region size 1024K, 3 young (3072K), 3 survivors (3072K)
 Metaspace       used 65135K, committed 65664K, reserved 1114112K
  class space    used 8906K, committed 9152K, reserved 1048576K
}
Event: 7.334 GC heap before
{Heap before GC invocations=22 (full 0):
 garbage-first heap   total 92160K, used 66418K [0x0000000080000000, 0x0000000100000000)
  region size 1024K, 4 young (4096K), 3 survivors (3072K)
 Metaspace       used 65199K, committed 65792K, reserved 1114112K
  class space    used 8919K, committed 9216K, reserved 1048576K
}
Event: 7.337 GC heap after
{Heap after GC invocations=23 (full 0):
 garbage-first heap   total 92160K, used 64827K [0x0000000080000000, 0x0000000100000000)
  region size 1024K, 1 young (1024K), 1 survivors (1024K)
 Metaspace       used 65199K, committed 65792K, reserved 1114112K
  class space    used 8919K, committed 9216K, reserved 1048576K
}
Event: 7.382 GC heap before
{Heap before GC invocations=23 (full 0):
 garbage-first heap   total 92160K, used 68923K [0x0000000080000000, 0x0000000100000000)
  region size 1024K, 7 young (7168K), 1 survivors (1024K)
 Metaspace       used 65585K, committed 66112K, reserved 1114112K
  class space    used 8951K, committed 9216K, reserved 1048576K
}
Event: 7.383 GC heap after
{Heap after GC invocations=24 (full 0):
 garbage-first heap   total 92160K, used 65252K [0x0000000080000000, 0x0000000100000000)
  region size 1024K, 1 young (1024K), 1 survivors (1024K)
 Metaspace       used 65585K, committed 66112K, reserved 1114112K
  class space    used 8951K, committed 9216K, reserved 1048576K
}
Event: 7.493 GC heap before
{Heap before GC invocations=25 (full 0):
 garbage-first heap   total 116736K, used 76516K [0x0000000080000000, 0x0000000100000000)
  region size 1024K, 12 young (12288K), 1 survivors (1024K)
 Metaspace       used 66423K, committed 67008K, reserved 1114112K
  class space    used 9064K, committed 9344K, reserved 1048576K
}

