# JRE version: OpenJDK Runtime Environment (17.0.10) (build 17.0.10+0--11572160)
# Java VM: OpenJDK 64-Bit Server VM (17.0.10+0--11572160, mixed mode, tiered, compressed oops, compressed class ptrs, g1 gc, windows-amd64)
GC Precious Log:
 CPUs: 16 total, 16 available
 Memory: 16004M
 Large Page Support: Disabled
 NUMA Support: Disabled
 Compressed Oops: Enabled (32-bit)
 Heap Region Size: 1M
 Heap Min Capacity: 8M
 Heap Initial Capacity: 252M
 Heap Max Capacity: 2G
 Pre-touch: Disabled
 Parallel Workers: 13
 Concurrent Workers: 3
 Concurrent Refinement Workers: 13
 Periodic GC: Disabled
Heap:
 garbage-first heap   total 259072K, used 197495K [0x0000000080000000, 0x0000000100000000)
  region size 1024K, 108 young (110592K), 16 survivors (16384K)
 Metaspace       used 103856K, committed 104640K, reserved 1179648K
  class space    used 14453K, committed 14848K, reserved 1048576K
GC Heap History (20 events):
Event: 5.339 GC heap before
{Heap before GC invocations=14 (full 0):
 garbage-first heap   total 113664K, used 87320K [0x0000000080000000, 0x0000000100000000)
  region size 1024K, 57 young (58368K), 6 survivors (6144K)
 Metaspace       used 56925K, committed 57472K, reserved 1114112K
  class space    used 7874K, committed 8128K, reserved 1048576K
}
Event: 5.345 GC heap after
{Heap after GC invocations=15 (full 0):
 garbage-first heap   total 113664K, used 39459K [0x0000000080000000, 0x0000000100000000)
  region size 1024K, 8 young (8192K), 8 survivors (8192K)
 Metaspace       used 56925K, committed 57472K, reserved 1114112K
  class space    used 7874K, committed 8128K, reserved 1048576K
}
Event: 5.721 GC heap before
{Heap before GC invocations=15 (full 0):
 garbage-first heap   total 113664K, used 95779K [0x0000000080000000, 0x0000000100000000)
  region size 1024K, 51 young (52224K), 8 survivors (8192K)
 Metaspace       used 57756K, committed 58368K, reserved 1114112K
  class space    used 7987K, committed 8256K, reserved 1048576K
}
Event: 5.724 GC heap after
{Heap after GC invocations=16 (full 0):
 garbage-first heap   total 113664K, used 60312K [0x0000000080000000, 0x0000000100000000)
  region size 1024K, 7 young (7168K), 7 survivors (7168K)
 Metaspace       used 57756K, committed 58368K, reserved 1114112K
  class space    used 7987K, committed 8256K, reserved 1048576K
}
Event: 5.834 GC heap before
{Heap before GC invocations=16 (full 0):
 garbage-first heap   total 113664K, used 75672K [0x0000000080000000, 0x0000000100000000)
  region size 1024K, 23 young (23552K), 7 survivors (7168K)
 Metaspace       used 58846K, committed 59392K, reserved 1114112K
  class space    used 8128K, committed 8384K, reserved 1048576K
}
Event: 5.837 GC heap after
{Heap after GC invocations=17 (full 0):
 garbage-first heap   total 113664K, used 61495K [0x0000000080000000, 0x0000000100000000)
  region size 1024K, 2 young (2048K), 2 survivors (2048K)
 Metaspace       used 58846K, committed 59392K, reserved 1114112K
  class space    used 8128K, committed 8384K, reserved 1048576K
}
Event: 6.072 GC heap before
{Heap before GC invocations=18 (full 0):
 garbage-first heap   total 113664K, used 88119K [0x0000000080000000, 0x0000000100000000)
  region size 1024K, 28 young (28672K), 2 survivors (2048K)
 Metaspace       used 60865K, committed 61440K, reserved 1114112K
  class space    used 8425K, committed 8704K, reserved 1048576K
}
Event: 6.073 GC heap after
{Heap after GC invocations=19 (full 0):
 garbage-first heap   total 113664K, used 63068K [0x0000000080000000, 0x0000000100000000)
  region size 1024K, 2 young (2048K), 2 survivors (2048K)
 Metaspace       used 60865K, committed 61440K, reserved 1114112K
  class space    used 8425K, committed 8704K, reserved 1048576K
}
Event: 6.333 GC heap before
{Heap before GC invocations=19 (full 0):
 garbage-first heap   total 113664K, used 90716K [0x0000000080000000, 0x0000000100000000)
  region size 1024K, 29 young (29696K), 2 survivors (2048K)
 Metaspace       used 63811K, committed 64384K, reserved 1114112K
  class space    used 8736K, committed 9024K, reserved 1048576K
}
Event: 6.335 GC heap after
{Heap after GC invocations=20 (full 0):
 garbage-first heap   total 113664K, used 63950K [0x0000000080000000, 0x0000000100000000)
  region size 1024K, 3 young (3072K), 3 survivors (3072K)
 Metaspace       used 63811K, committed 64384K, reserved 1114112K
  class space    used 8736K, committed 9024K, reserved 1048576K
}
Event: 6.747 GC heap before
{Heap before GC invocations=21 (full 0):
 garbage-first heap   total 113664K, used 91598K [0x0000000080000000, 0x0000000100000000)
  region size 1024K, 31 young (31744K), 3 survivors (3072K)
 Metaspace       used 67339K, committed 67968K, reserved 1114112K
  class space    used 9227K, committed 9536K, reserved 1048576K
}
Event: 6.753 GC heap after
{Heap after GC invocations=22 (full 0):
 garbage-first heap   total 259072K, used 65983K [0x0000000080000000, 0x0000000100000000)
  region size 1024K, 4 young (4096K), 4 survivors (4096K)
 Metaspace       used 67339K, committed 67968K, reserved 1114112K
  class space    used 9227K, committed 9536K, reserved 1048576K
}
Event: 8.570 GC heap before
{Heap before GC invocations=22 (full 0):
 garbage-first heap   total 259072K, used 211391K [0x0000000080000000, 0x0000000100000000)
  region size 1024K, 137 young (140288K), 4 survivors (4096K)
 Metaspace       used 78724K, committed 79360K, reserved 1179648K
  class space    used 10769K, committed 11072K, reserved 1048576K
}
Event: 8.589 GC heap after
{Heap after GC invocations=23 (full 0):
 garbage-first heap   total 259072K, used 80176K [0x0000000080000000, 0x0000000100000000)
  region size 1024K, 13 young (13312K), 13 survivors (13312K)
 Metaspace       used 78724K, committed 79360K, reserved 1179648K
  class space    used 10769K, committed 11072K, reserved 1048576K
}
Event: 9.707 GC heap before
{Heap before GC invocations=23 (full 0):
 garbage-first heap   total 259072K, used 202032K [0x0000000080000000, 0x0000000100000000)
  region size 1024K, 131 young (134144K), 13 survivors (13312K)
 Metaspace       used 85498K, committed 86144K, reserved 1179648K
  class space    used 11848K, committed 12160K, reserved 1048576K
}
Event: 9.717 GC heap after
{Heap after GC invocations=24 (full 0):
 garbage-first heap   total 259072K, used 86510K [0x0000000080000000, 0x0000000100000000)
  region size 1024K, 7 young (7168K), 7 survivors (7168K)
 Metaspace       used 85498K, committed 86144K, reserved 1179648K
  class space    used 11848K, committed 12160K, reserved 1048576K
}
Event: 10.827 GC heap before
{Heap before GC invocations=24 (full 0):
 garbage-first heap   total 259072K, used 204270K [0x0000000080000000, 0x0000000100000000)
  region size 1024K, 122 young (124928K), 7 survivors (7168K)
 Metaspace       used 94113K, committed 94720K, reserved 1179648K
  class space    used 13171K, committed 13440K, reserved 1048576K
}
Event: 10.835 GC heap after
{Heap after GC invocations=25 (full 0):
 garbage-first heap   total 259072K, used 91827K [0x0000000080000000, 0x0000000100000000)
  region size 1024K, 12 young (12288K), 12 survivors (12288K)
 Metaspace       used 94113K, committed 94720K, reserved 1179648K
  class space    used 13171K, committed 13440K, reserved 1048576K
}
Event: 12.016 GC heap before
{Heap before GC invocations=25 (full 0):
 garbage-first heap   total 259072K, used 209587K [0x0000000080000000, 0x0000000100000000)
  region size 1024K, 127 young (130048K), 12 survivors (12288K)
 Metaspace       used 101185K, committed 101888K, reserved 1179648K
  class space    used 14207K, committed 14528K, reserved 1048576K
}
Event: 12.023 GC heap after
{Heap after GC invocations=26 (full 0):
 garbage-first heap   total 259072K, used 100215K [0x0000000080000000, 0x0000000100000000)
  region size 1024K, 16 young (16384K), 16 survivors (16384K)
 Metaspace       used 101185K, committed 101888K, reserved 1179648K
  class space    used 14207K, committed 14528K, reserved 1048576K
}

